<?xml version="1.0" encoding="UTF-8"?>
<testsuite name="simple.TestBasic" tests="1" skipped="0" failures="0" errors="0" timestamp="2020-06-21T10:42:54" hostname="santi" time="0.005">
  <properties/>
  <testcase name="testSuccess" classname="simple.TestBasic" time="0.005"/>
  <system-out><![CDATA[]]></system-out>
  <system-err><![CDATA[]]></system-err>
</testsuite>
